生成启动时间为 2014/3/22 15:21:25。
     1>项目“E:\cocos2d-x-2.2\cocos2d-x-2.2\samples\bombZombie\proj.win32\DNF.vcxproj”在节点 2 上(Build 个目标)。
     1>ClCompile:
         C:\Program Files\Microsoft Visual Studio 11.0\VC\bin\CL.exe /c /I..\Classes\global /I..\Classes\tools /I"E:\cocos2d-x-2.2\cocos2d-x-2.2\samples\bombZombie\proj.win32\..\..\..\cocos2dx" /I"E:\cocos2d-x-2.2\cocos2d-x-2.2\samples\bombZombie\proj.win32\..\..\..\cocos2dx\include" /I"E:\cocos2d-x-2.2\cocos2d-x-2.2\samples\bombZombie\proj.win32\..\..\..\cocos2dx\kazmath\include" /I"E:\cocos2d-x-2.2\cocos2d-x-2.2\samples\bombZombie\proj.win32\..\..\..\cocos2dx\platform\win32" /I"E:\cocos2d-x-2.2\cocos2d-x-2.2\samples\bombZombie\proj.win32\..\..\..\cocos2dx\platform\third_party\win32\pthread" /I"E:\cocos2d-x-2.2\cocos2d-x-2.2\samples\bombZombie\proj.win32\..\..\..\cocos2dx\platform\third_party\win32" /I"E:\cocos2d-x-2.2\cocos2d-x-2.2\samples\bombZombie\proj.win32\..\..\..\cocos2dx\platform\third_party\win32\OGLES" /I"E:\cocos2d-x-2.2\cocos2d-x-2.2\samples\bombZombie\proj.win32\..\..\..\external" /I"E:\cocos2d-x-2.2\cocos2d-x-2.2\samples\bombZombie\proj.win32\..\..\..\external\chipmunk\include\chipmunk" /I"E:\cocos2d-x-2.2\cocos2d-x-2.2\samples\bombZombie\proj.win32\..\..\..\CocosDenshion\include" /I"E:\cocos2d-x-2.2\cocos2d-x-2.2\samples\bombZombie\proj.win32\..\..\..\extensions" /I..\Classes /I.. /ZI /nologo /W3 /WX- /Od /Oy- /D WIN32 /D _DEBUG /D _WINDOWS /D _USE_MATH_DEFINES /D GL_GLEXT_PROTOTYPES /D CC_ENABLE_CHIPMUNK_INTEGRATION=1 /D COCOS2D_DEBUG=1 /D _CRT_SECURE_NO_WARNINGS /D _SCL_SECURE_NO_WARNINGS /D _UNICODE /D UNICODE /Gm /EHsc /RTC1 /MDd /GS /fp:precise /Zc:wchar_t /Zc:forScope /Fo"Debug.win32\\" /Fd"Debug.win32\vc110.pdb" /Gd /TP /wd4267 /wd4251 /wd4244 /analyze- /errorReport:prompt ..\Classes\GameSceneLayer.cpp ..\Classes\GameVictoryLayer.cpp
         GameVictoryLayer.cpp
     1>e:\cocos2d-x-2.2\cocos2d-x-2.2\samples\bombzombie\classes\gamevictorylayer.h : warning C4819: 该文件包含不能在当前代码页(936)中表示的字符。请将该文件保存为 Unicode 格式以防止数据丢失
     1>e:\cocos2d-x-2.2\cocos2d-x-2.2\samples\bombzombie\classes\global\setting.h : warning C4819: 该文件包含不能在当前代码页(936)中表示的字符。请将该文件保存为 Unicode 格式以防止数据丢失
     1>e:\cocos2d-x-2.2\cocos2d-x-2.2\samples\bombzombie\classes\global\global.h : warning C4819: 该文件包含不能在当前代码页(936)中表示的字符。请将该文件保存为 Unicode 格式以防止数据丢失
     1>e:\cocos2d-x-2.2\cocos2d-x-2.2\samples\bombzombie\classes\global\global.h(18): warning C4018: “<”: 有符号/无符号不匹配
     1>e:\cocos2d-x-2.2\cocos2d-x-2.2\samples\bombzombie\classes\global\global.h(26): warning C4018: “<”: 有符号/无符号不匹配
         GameSceneLayer.cpp
     1>e:\cocos2d-x-2.2\cocos2d-x-2.2\samples\bombzombie\classes\global\global.h : warning C4819: 该文件包含不能在当前代码页(936)中表示的字符。请将该文件保存为 Unicode 格式以防止数据丢失
     1>e:\cocos2d-x-2.2\cocos2d-x-2.2\samples\bombzombie\classes\global\setting.h : warning C4819: 该文件包含不能在当前代码页(936)中表示的字符。请将该文件保存为 Unicode 格式以防止数据丢失
     1>e:\cocos2d-x-2.2\cocos2d-x-2.2\samples\bombzombie\classes\global\global.h(18): warning C4018: “<”: 有符号/无符号不匹配
     1>e:\cocos2d-x-2.2\cocos2d-x-2.2\samples\bombzombie\classes\global\global.h(26): warning C4018: “<”: 有符号/无符号不匹配
     1>e:\cocos2d-x-2.2\cocos2d-x-2.2\samples\bombzombie\classes\gamevictorylayer.h : warning C4819: 该文件包含不能在当前代码页(936)中表示的字符。请将该文件保存为 Unicode 格式以防止数据丢失
     1>e:\cocos2d-x-2.2\cocos2d-x-2.2\samples\bombzombie\classes\gamescenelayer.cpp(239): warning C4018: “<”: 有符号/无符号不匹配
     1>e:\cocos2d-x-2.2\cocos2d-x-2.2\samples\bombzombie\classes\gamescenelayer.cpp(251): warning C4018: “<”: 有符号/无符号不匹配
     1>e:\cocos2d-x-2.2\cocos2d-x-2.2\samples\bombzombie\classes\gamescenelayer.cpp(277): warning C4018: “<”: 有符号/无符号不匹配
         正在生成代码...
       PreLinkEvent:
         if not exist "E:\cocos2d-x-2.2\cocos2d-x-2.2\Debug.win32\" mkdir "E:\cocos2d-x-2.2\cocos2d-x-2.2\Debug.win32\"
         xcopy /Y /Q "E:\cocos2d-x-2.2\cocos2d-x-2.2\samples\bombZombie\proj.win32\..\..\..\external\libwebsockets\win32\lib\*.*" "E:\cocos2d-x-2.2\cocos2d-x-2.2\Debug.win32\"
         :VCEnd
         复制了 2 个文件
       Link:
         C:\Program Files\Microsoft Visual Studio 11.0\VC\bin\link.exe /ERRORREPORT:PROMPT /OUT:"E:\cocos2d-x-2.2\cocos2d-x-2.2\Debug.win32\DNF.exe" /INCREMENTAL /NOLOGO /LIBPATH:"E:\cocos2d-x-2.2\cocos2d-x-2.2\Debug.win32\\" libExtensions.lib libcocos2d.lib libCocosDenshion.lib opengl32.lib glew32.lib libBox2d.lib libchipmunk.lib libcurl_imp.lib pthreadVCE2.lib websockets.lib kernel32.lib user32.lib gdi32.lib winspool.lib comdlg32.lib advapi32.lib shell32.lib ole32.lib oleaut32.lib uuid.lib odbc32.lib odbccp32.lib /MANIFEST /ManifestFile:"Debug.win32\DNF.exe.intermediate.manifest" /MANIFESTUAC:"level='asInvoker' uiAccess='false'" /DEBUG /PDB:"E:\cocos2d-x-2.2\cocos2d-x-2.2\Debug.win32\DNF.pdb" /SUBSYSTEM:WINDOWS /TLBID:1 /DYNAMICBASE /NXCOMPAT /IMPLIB:"E:\cocos2d-x-2.2\cocos2d-x-2.2\Debug.win32\DNF.lib" /MACHINE:X86 /SAFESEH Debug.win32\ActionSprite.obj
         Debug.win32\AppDelegate.obj
         Debug.win32\Bomb.obj
         Debug.win32\GameFaildLayer.obj
         Debug.win32\GameSceneLayer.obj
         Debug.win32\GameVictoryLayer.obj
         "Debug.win32\GLES-Render.obj"
         Debug.win32\Global.obj
         Debug.win32\Setting.obj
         Debug.win32\HelloWorldScene.obj
         Debug.win32\Hero.obj
         Debug.win32\logo.obj
         Debug.win32\MainScene.obj
         Debug.win32\MyObject.obj
         Debug.win32\MySprite.obj
         Debug.win32\PauseLayer.obj
         Debug.win32\SceneManager.obj
         Debug.win32\SelectLevelScene.obj
         Debug.win32\HCSVFile.obj
         Debug.win32\main.obj
         "E:\cocos2d-x-2.2\cocos2d-x-2.2\Debug.win32\libcocos2d.lib"
         "E:\cocos2d-x-2.2\cocos2d-x-2.2\Debug.win32\libCocosDenshion.lib"
         "E:\cocos2d-x-2.2\cocos2d-x-2.2\Debug.win32\libExtensions.lib"
         "E:\cocos2d-x-2.2\cocos2d-x-2.2\Debug.win32\libBox2D.lib"
         "E:\cocos2d-x-2.2\cocos2d-x-2.2\Debug.win32\libchipmunk.lib"
     1>ActionSprite.obj : warning LNK4075: 忽略“/EDITANDCONTINUE”(由于“/SAFESEH”规范)
         DNF.vcxproj -> E:\cocos2d-x-2.2\cocos2d-x-2.2\Debug.win32\DNF.exe
       Manifest:
         C:\Program Files\Windows Kits\8.0\bin\x86\mt.exe /nologo /verbose /out:"E:\cocos2d-x-2.2\cocos2d-x-2.2\Debug.win32\DNF.exe.manifest" /manifest Debug.win32\DNF.exe.intermediate.manifest
     1>已完成生成项目“E:\cocos2d-x-2.2\cocos2d-x-2.2\samples\bombZombie\proj.win32\DNF.vcxproj”(Build 个目标)的操作。

生成成功。

已用时间 00:00:33.34
